2026-01-13T10:57:32.552Z REQ: {"first_name":"Shiva","middle_name":"","last_name":"Reddy","dob":"2007-01-13","gender_id":1,"admission_no":"1","admission_date":"2026-01-13","status_id":1,"category_id":1,"religion_id":1,"blood_group_id":1,"email":"shiva@gmail.com","phone":"9347556547","password":"password123 ","role_code":"student","class_id":"90c35813-8433-4913-8789-823233c2c252","section_id":"025e2908-49f0-4fd9-ad53-b0903f62d5bb","academic_year_id":"6e6486f9-cd46-4cd1-a0f1-a95f9adb3a99","parents":[{"first_name":"Narsimha ","last_name":"Reddy","phone":"8555943430","occupation":"Farmer","relation":"Father","is_primary":true},{"first_name":"Hymavathi","last_name":"Reddy","phone":"7286840516","occupation":"Housekeeper","relation":"Mother"}]}
2026-01-13T10:57:33.026Z ERR: Auth Error: A user with this email address has already been registered
Error: Auth Error: A user with this email address has already been registered
    at file:///C:/Users/reddy/Desktop/Native/SupabaseBackend/routes/studentsRoutes.js:138:30
    at process.processTicksAndRejections (node:internal/process/task_queues:105:5)
    at async scope (file:///C:/Users/reddy/Desktop/Native/SupabaseBackend/node_modules/postgres/src/index.js:260:18)
    at async Function.begin (file:///C:/Users/reddy/Desktop/Native/SupabaseBackend/node_modules/postgres/src/index.js:243:14)
    at async file:///C:/Users/reddy/Desktop/Native/SupabaseBackend/routes/studentsRoutes.js:94:20
2026-01-13T11:01:59.518Z REQ: {"first_name":"Arun","middle_name":"","last_name":"Kura","dob":"2003-01-13","gender_id":1,"admission_no":"1","admission_date":"2026-01-13","status_id":1,"category_id":2,"religion_id":1,"blood_group_id":7,"email":"arun@gmail.com","phone":"6300979395","password":"Arun@123","role_code":"student","class_id":"90c35813-8433-4913-8789-823233c2c252","section_id":"025e2908-49f0-4fd9-ad53-b0903f62d5bb","academic_year_id":"6e6486f9-cd46-4cd1-a0f1-a95f9adb3a99","parents":[{"first_name":"Siddu","last_name":"Kura","phone":"9000046382","occupation":"Farmer","relation":"Father","is_primary":true},{"first_name":"Bhagyalakshmi","last_name":"Kura","phone":"9000046382","occupation":"Housekeeper ","relation":"Mother"}]}
2026-01-13T11:02:00.001Z ERR: Auth Error: A user with this email address has already been registered
Error: Auth Error: A user with this email address has already been registered
    at file:///C:/Users/reddy/Desktop/Native/SupabaseBackend/routes/studentsRoutes.js:138:30
    at process.processTicksAndRejections (node:internal/process/task_queues:105:5)
    at async scope (file:///C:/Users/reddy/Desktop/Native/SupabaseBackend/node_modules/postgres/src/index.js:260:18)
    at async Function.begin (file:///C:/Users/reddy/Desktop/Native/SupabaseBackend/node_modules/postgres/src/index.js:243:14)
    at async file:///C:/Users/reddy/Desktop/Native/SupabaseBackend/routes/studentsRoutes.js:94:20
2026-01-13T11:04:31.196Z REQ: {"first_name":"Arun","middle_name":"","last_name":"Kura","dob":"2003-01-13","gender_id":1,"admission_no":"1","admission_date":"2026-01-13","status_id":1,"category_id":2,"religion_id":1,"blood_group_id":7,"email":"arun@gmail.com","phone":"6300979395","password":"Arun@123","role_code":"student","class_id":"90c35813-8433-4913-8789-823233c2c252","section_id":"025e2908-49f0-4fd9-ad53-b0903f62d5bb","academic_year_id":"6e6486f9-cd46-4cd1-a0f1-a95f9adb3a99","parents":[{"first_name":"Siddu","last_name":"Kura","phone":"9000046382","occupation":"Farmer","relation":"Father","is_primary":true},{"first_name":"Bhagyalakshmi","last_name":"Kura","phone":"9000046382","occupation":"Housekeeper ","relation":"Mother"}]}
2026-01-13T11:05:05.071Z REQ: {"first_name":"Collision","last_name":"Test","gender_id":1,"admission_no":"COLL-1768302304793","admission_date":"2025-01-01","status_id":1,"category_id":1,"religion_id":1,"blood_group_id":1,"email":"collision_test@school.com","phone":"9999999999","password":"password123","class_id":"32f4811a-3645-47be-a6cd-8da9e14c0028","section_id":"025e2908-49f0-4fd9-ad53-b0903f62d5bb","academic_year_id":"6e6486f9-cd46-4cd1-a0f1-a95f9adb3a99","parents":[{"first_name":"Test","last_name":"Father","relation":"Father","phone":"1234567890","occupation":"Tester","is_primary":true}]}
2026-01-13T11:05:06.645Z REQ: {"first_name":"Collision","last_name":"Test","gender_id":1,"admission_no":"COLL-1768302306233","admission_date":"2025-01-01","status_id":1,"category_id":1,"religion_id":1,"blood_group_id":1,"email":"collision_test@school.com","phone":"9999999999","password":"password123","class_id":"32f4811a-3645-47be-a6cd-8da9e14c0028","section_id":"025e2908-49f0-4fd9-ad53-b0903f62d5bb","academic_year_id":"6e6486f9-cd46-4cd1-a0f1-a95f9adb3a99","parents":[{"first_name":"Test","last_name":"Father","relation":"Father","phone":"1234567890","occupation":"Tester","is_primary":true}]}
2026-01-13T11:26:44.383Z REQ: {"first_name":"Aaron","last_name":"Test","gender_id":1,"admission_no":"ROLL-TEST-Aaron-1768303604113","admission_date":"2025-01-01","status_id":1,"class_id":"32f4811a-3645-47be-a6cd-8da9e14c0028","section_id":"025e2908-49f0-4fd9-ad53-b0903f62d5bb","academic_year_id":"6e6486f9-cd46-4cd1-a0f1-a95f9adb3a99","password":"password123"}
2026-01-13T11:26:45.248Z REQ: {"first_name":"Zack","last_name":"Test","gender_id":1,"admission_no":"ROLL-TEST-Zack-1768303604971","admission_date":"2025-01-01","status_id":1,"class_id":"32f4811a-3645-47be-a6cd-8da9e14c0028","section_id":"025e2908-49f0-4fd9-ad53-b0903f62d5bb","academic_year_id":"6e6486f9-cd46-4cd1-a0f1-a95f9adb3a99","password":"password123"}
2026-01-13T11:26:45.852Z REQ: {"first_name":"Bobby","last_name":"Test","gender_id":1,"admission_no":"ROLL-TEST-Bobby-1768303605610","admission_date":"2025-01-01","status_id":1,"class_id":"32f4811a-3645-47be-a6cd-8da9e14c0028","section_id":"025e2908-49f0-4fd9-ad53-b0903f62d5bb","academic_year_id":"6e6486f9-cd46-4cd1-a0f1-a95f9adb3a99","password":"password123"}
2026-01-13T11:45:01.258Z REQ: {"first_name":"Test","last_name":"Access","admission_no":"TEST-1768304700995","admission_date":"2025-01-01","gender_id":1,"status_id":1,"email":"test.student.1768304700995@school.com","password":"password123","class_id":"c87a4b08-6202-4217-8051-738b5558d745","section_id":"c4e09a34-7221-4475-8167-33f789958349","academic_year_id":"a9b223c6-30e4-41d1-9f93-5188339c6374"}
2026-01-13T11:47:32.279Z REQ: {"first_name":"Test","last_name":"Access","admission_no":"TEST-1768304851922","admission_date":"2025-01-01","gender_id":1,"status_id":1,"email":"test.student.1768304851922@school.com","password":"password123","class_id":"c87a4b08-6202-4217-8051-738b5558d745","section_id":"c4e09a34-7221-4475-8167-33f789958349","academic_year_id":"a9b223c6-30e4-41d1-9f93-5188339c6374"}
2026-01-13T11:49:25.075Z REQ: {"first_name":"Test","last_name":"Access","admission_no":"TEST-1768304964744","admission_date":"2025-01-01","gender_id":1,"status_id":1,"email":"test.student.1768304964744@school.com","password":"password123","class_id":"c87a4b08-6202-4217-8051-738b5558d745","section_id":"c4e09a34-7221-4475-8167-33f789958349","academic_year_id":"a9b223c6-30e4-41d1-9f93-5188339c6374"}
2026-01-13T11:51:58.847Z REQ: {"first_name":"Test","last_name":"Access","admission_no":"TEST-1768305118595","admission_date":"2025-01-01","gender_id":1,"status_id":1,"email":"test.student.1768305118595@school.com","password":"password123","class_id":"c87a4b08-6202-4217-8051-738b5558d745","section_id":"c4e09a34-7221-4475-8167-33f789958349","academic_year_id":"a9b223c6-30e4-41d1-9f93-5188339c6374"}
2026-01-13T11:58:18.497Z - GET /api/v1/students/profile/me
2026-01-13T11:59:02.364Z - GET /api/v1/students/profile/me
2026-01-13T12:00:21.838Z - GET /api/v1/complaints
